[   0.0000Initiaizngcgoup subsys cpuset
[    0.000000] Initializing cgroup subsys cpu
[    0.000000] Initializing cgroup subsys cpuacct
[    0.000000] Linux version 4.4.0-78-generic (buildd@lgw01-11) (gcc version 5.4.0 20160609 (Ubuntu 5.4.0-6ubuntu1~16.04.4) ) #99-Ubuntu SMP Thu Apr 27 15:29:09 UTC 2017 (Ubuntu 4.4.0-78.99-generic 4.4.62)
[    0.000000] Command line: BOOT_IMAGE=/boot/vmlinuz-4.4.0-78-generic root=LABEL=cloudimg-rootfs ro console=tty1 console=ttyS0
[    0.000000] KERNEL supported cpus:
[    0.000000]   Intel GenuineIntel
[    0.000000]   AMD AuthenticAMD
[    0.000000]   Centaur CentaurHauls
[    0.000000] x86/fpu: xstate_offset[2]:  576, xstate_sizes[2]:  256
[    0.000000] x86/fpu: Supporting XSAVE feature 0x01: 'x87 floating point registers'
[    0.000000] x86/fpu: Supporting XSAVE feature 0x02: 'SSE registers'
[    0.000000] x86/fpu: Supporting XSAVE feature 0x04: 'AVX registers'
[    0.000000] x86/fpu: Enabled xstate features 0x7, context size is 832 bytes, using 'standard' format.
[    0.000000] x86/fpu: Using 'lazy' FPU context switches.
[    0.000000] e820: BIOS-provided physical RAM map:
[    0.000000] BIOS-e820: [mem 0x0000000000000000-0x000000000009fbff] usable
[    0.000000] BIOS-e820: [mem 0x000000000009fc00-0x000000000009ffff] reserved
[    0.000000] BIOS-e820: [mem 0x00000000000f0000-0x00000000000fffff] reserved
[    0.000000] BIOS-e820: [mem 0x0000000000100000-0x000000003ffeffff] usable
[    0.000000] BIOS-e820: [mem 0x000000003fff0000-0x000000003fffffff] ACPI data
[    0.000000] BIOS-e820: [mem 0x00000000fffc0000-0x00000000ffffffff] reserved
[    0.000000] NX (Execute Disable) protection: active
[    0.000000] SMBIOS 2.5 present.
[    0.000000] Hypervisor detected: KVM
[    0.000000] e820: last_pfn = 0x3fff0 max_arch_pfn = 0x400000000
[    0.000000] MTRR: Disabled
[    0.000000] x86/PAT: MTRRs disabled, skipping PAT initialization too.
[    0.000000] x86/PAT: Configuration [0-7]: WB  WT  UC- UC  WB  WT  UC- UC  
[    0.000000] CPU MTRRs all blank - virtualized system.
[    0.000000] found SMP MP-table at [mem 0x0009fff0-0x0009ffff] mapped at [ffff88000009fff0]
[    0.000000] Scanning 1 areas for low memory corruption
[    0.000000] RAMDISK: [mem 0x36ae6000-0x3756afff]
[    0.000000] ACPI: Early table checksum verification disabled
[    0.000000] ACPI: RSDP 0x00000000000E0000 000024 (v02 VBOX  )
[    0.000000] ACPI: XSDT 0x000000003FFF0030 00003C (v01 VBOX   VBOXXSDT 00000001 ASL  00000061)
[    0.000000] ACPI: FACP 0x000000003FFF00F0 0000F4 (v04 VBOX   VBOXFACP 00000001 ASL  00000061)
[    0.000000] ACPI: DSDT 0x000000003FFF0470 002118 (v01 VBOX   VBOXBIOS 00000002 INTL 20160108)
[    0.000000] ACPI: FACS 0x000000003FFF0200 000040
[    0.000000] ACPI: FACS 0x000000003FFF0200 000040
[    0.000000] ACPI: APIC 0x000000003FFF0240 00005C (v02 VBOX   VBOXAPIC 00000001 ASL  00000061)
[    0.000000] ACPI: SSDT 0x000000003FFF02A0 0001CC (v01 VBOX   VBOXCPUT 00000002 INTL 20160108)
[    0.000000] No NUMA configuration found
[    0.000000] akng a node a[mm x0000000000000-x000000003ffff]
[   00000]ODDATA(0) llatd [mem 0x3eb0-0xffefff]    0000] kvm-clock:Usg srs 5601 and 4b564d0
[  0.0000]vm-cckcp 0, msr 0:3fe01, primarcpclck
  0.00000]kvcloc ungscd fst of 228339 cyes
[  0.0000clksurcekvcloc mk:0xffffffffffffaxycles:x142e4fbma_idlns88155983ns
[  000000] Ze anges:[   0.00]   A   [memx000000000-0x0000000000ffffff]
[    0.000000]   DMA32    [mem 0x0000000001000000-0x000000003ffeffff]
[    0.000000]   Normal   empty
[    0.000000]   Device   empty
[    0.000000] Movable zone start for each node
[    0.000000] Early memory node ranges
[    0.000000]   node   0: [mem 0x0000000000001000-0x000000000009efff]
[    0.000000]   node   0: [mem 0x0000000000100000-0x000000003ffeffff]
[    0.000000] Initmem setup node 0 [mem 0x0000000000001000-0x000000003ffeffff]
[    0.000000] ACPI: PM-Timer IO Port: 0x4008
[    0.000000] IOAPIC[0]: apic_id 2, version 17, address 0xfec00000, GSI 0-23
[    0.000000] ACPI: INT_SRC_OVR (bus 0 bus_irq 0 global_irq 2 dfl dfl)
[   0.000] ACP: T_C_OV(b 0 buir9 lobalrq hig lel
[    0.00000Usng ACPIMA) for S cfiguatn formaton[   0.00] smpoo: lowig CP, 0 hotugPUs[  000000 P Regstedosaveemy: [emx0000000-0x000ff
[   00000]M:egisrenosave memory: [m 0009f000-0x0009ff][    00000 PM: Rgiered nosve memory:[mm 00000-0x0eff][  00000] : Restednosa mory:me0x00f0000x0fffff]
[   .0000] e0:mem 0x4000-xfffbff]vailleorPCI vis
[  00000] otg paviuaized knel on KVM
[   .00000 closorce:efed-jifie msk: 0xfffff max_ycs: 0ffff, axdlns: 645100211568 ns
[    0.000000] setup_percpu: NR_CPUS:512 nr_cpumask_bits:512 nr_cpu_is: nr_node_s:
[    0.000]PERCPU: Embedded 33 pages/cpu @ffff88003fc00000 s98264 r8192 d28712 u1048576
[    0.000000] PV qspinlock hash table entries: 256 (order: 0, 4096 bytes)
[    0.000000] Built 1 zonelists in Node order, mobility grouping on.  Total pages: 257913
[    0.000000] Policy zone: DMA32
[    0.000000] Kernel command line: BOOT_IMAGE=/boot/vmlinuz-4.4.0-78-generic root=LABEL=cloudimg-rootfs ro console=tty1 console=ttyS0
[    0.000000] PID hash table entries: 4096 (order: 3, 32768 bytes)
[    0.000000] Memory: 1001808K/1048120K available (8469K kernel code, 1294K rwdata, 3984K rodata, 1484K init, 1316K bss, 46312K reserved, 0K cma-reserved)
[    0.000000] SLUB: HWalign=64, Order=0-3, MinObjects0, CUs, odes=1
[  .000000] Hierarchcal RCU impemtatin.[    0.00000] uid-time adjstntof leaf ant o 64
[   000000] 	RC rtrcting PUfr NR_CPUS=12o r_cpu_ds.
[    00000] R: justing eoety or rcufautleaf=64, nr_cpid2
[    0.000000] _IS:33024 nrrqs:0 
    0.0000 Conso: olouVG 80x
   0.000 conlett1] ebl
[    00000] nse [tS0enbled[   0.000000] tsc: Detected 2294.686 MHz processor
[    7.673103] Calibrating delay loop (skipped) preset value.. 4589.37 BogoMIPS (lpj=9178744)
[    7.678231] pid_max: default: 32768 minimum: 301
[    7.678960] ACPI: Core revision 20150930
[    7.680498] ACPI: 2 ACPI AML tables successfully acquired and loaded
[    7.681525] Security Framework initialized
[    7.682193] Yama: becoming mindful.
[    7.688300] AppArmor: AppArmor initialized
[    7.724488] Dentry cache hash table entries: 131072 (order: 8, 1048576 bytes)
[    7.725614] Inode-cache hash table entries: 65536 (order: 7, 524288 bytes)
[    7.727059] Mount-cache hash table entries: 2048 (order: 2, 16384 bytes)
[    7.728006] Mountpoint-cache hash table entries: 2048 (order: 2, 16384 bytes)
[    7.729147] Initializing cgroup subsys io
[    7.729814] Initializing cgroup subsys memory
[    7.733487] Initializing cgroup subsys devices
[    7.734201] Initializing cgroup subsys freezer
[    7.734898] Initializing cgroup subsys net_cls
[    7.738223] Initializing cgroup subsys perf_event
[    7.738946] Initializing cgroup subsys net_prio
[    7.739646] Initializing cgroup subsys hugetlb
[    7.740350] Initializing cgroup subsys pids
[    7.741089] CPU: Physical Processor ID: 0
[    7.741738] CPU: Processor Core ID: 0
[    7.743191] mce: CPU supports 0 MCE banks
[    7.743859] Last level iTLB entries: 4KB 1024, 2MB 1024, 4MB 1024
[    7.744735] Last level dTLB entries: 4KB 1024, 2MB 1024, 4MB 1024, 1GB 4
[    7.747238] Freeing SMP alternatives memory: 32K (ffffffff820b8000 - ffffffff820c0000)
[    7.755165] ftrace: allocating 32120 entries in 126 pages
[    7.869174] smpboot: APIC(0) Converting physical 0 to logical package 0
[    8.053062] smpboot: Max logical packages: 1
[    8.181109] ..TIMER: vector=0x30 apic1=0 pin1=2 apic2=-1 pin2=-1
[    8.448156] smpboot: CPU0: Intel(R) Core(TM) i7-4712HQ CPU @ 2.30GHz (family: 0x6, model: 0x3c, stepping: 0x3)
[    8.709262] Performance Events: unsupported p6 CPU model 60 no PMU driver, software events only.
[    8.749003] KVM setup paravirtual spinlock
[    8.750409] x86: Booting SMP configuration:
[    8.769269] .... node  #0, CPUs:      #1
[    8.770126] kvm-clock: cpu 1, msr 0:3ffe3041, secondary cpu clock
[    8.773632] mce: CPU supports 0 MCE banks
[    8.776015] x86: Booted up 1 node, 2 CPUs
[    8.782048] smpboot: Total of 2 processors activated (9178.74 BogoMIPS)
[    8.785581] devtmpfs: initialized
[    8.793846] evm: security.selinux
[    8.797841] evm: security.SMACK64
[    8.798532] evm: security.SMACK64EXEC
[    8.799252] evm: security.SMACK64TRANSMUTE
[    8.800012] evm: security.SMACK64MMAP
[    8.800741] evm: security.ima
[    8.801349] evm: security.capability
[    8.802269] clocksource: jiffies: mask: 0xffffffff max_cycles: 0xffffffff, max_idle_ns: 7645041785100000 ns
[    8.805800] futex hash table entries: 512 (order: 3, 32768 bytes)
[    8.806942] pinctrl core: initialized pinctrl subsystem
[    8.809047] RTC time: 11:56:10, date: 06/07/17
[    8.814551] NET: Registered protocol family 16
[    8.828554] cpuidle: using governor ladder
[    8.844785] cpuidle: using governor menu
[    8.848209] PCCT header not found.
[    8.848989] ACPI: bus type PCI registered
[    8.854461] acpiphp: ACPI Hot Plug PCI Controller Driver version: 0.5
[    8.855576] PCI: Using configuration type 1 for base access
[    8.869453] ACPI: Added _OSI(Module Device)
[    8.874220] ACPI: Added _OSI(Processor Device)
[    8.875023] ACPI: Added _OSI(3.0 _SCP Extensions)
[    8.875818] ACPI: Added _OSI(Processor Aggregator Device)
[    8.877330] ACPI: Executed 1 blocks of module-level executable AML code
[    8.887707] ACPI: Interpreter enabled
[    8.889514] ACPI: (supports S0 S5)
[    8.890199] ACPI: Using IOAPIC for interrupt routing
[    8.891194] PCI: Using host bridge windows from ACPI; if necessary, use "pci=nocrs" and report a bug
[    8.895474] ACPI: PCI Root Bridge [PCI0] (domain 0000 [bus 00-ff])
[    8.897639] acpi PNP0A03:00: _OSC: OS supports [ASPM ClockPM Segments MSI]
[    8.898743] acpi PNP0A03:00: _OSC failed (AE_NOT_FOUND); disabling ASPM
[    8.899785] acpi PNP0A03:00: fail to add MMCONFIG information, can't access extended PCI configuration space under this bridge.
[    8.901818] PCI host bridge to bus 0000:00
[    8.906488] pci_bus 0000:00: root bus resource [io  0x0000-0x0cf7 window]
[    8.907584] pci_bus 0000:00: root bus resource [io  0x0d00-0xffff window]
[    8.908687] pci_bus 0000:00: root bus resource [mem 0x000a0000-0x000bffff window]
[    8.910014] pci_bus 0000:00: root bus resource [mem 0x40000000-0xffdfffff window]
[    8.911352] pci_bus 0000:00: root bus resource [bus 00-ff]
[    8.913381] pci 0000:00:01.1: legacy IDE quirk: reg 0x10: [io  0x01f0-0x01f7]
[    8.918118] pci 0000:00:01.1: legacy IDE quirk: reg 0x14: [io  0x03f6]
[    8.919147] pci 0000:00:01.1: legacy IDE quirk: reg 0x18: [io  0x0170-0x0177]
[    8.920257] pci 0000:00:01.1: legacy IDE quirk: reg 0x1c: [io  0x0376]
[    8.944667] ACPI: PCI Interrupt Link [LNKA] (IRQs 5 9 10 11) *0, disabled.
[    8.959195] ACPI: PCI Interrupt Link [LNKB] (IRQs 5 9 10 *11)
[    8.960520] ACPI: PCI Interrupt Link [LNKC] (IRQs 5 9 *10 11)
[    8.961837] ACPI: PCI Interrupt Link [LNKD] (IRQs 5 *9 10 11)
[    9.010328] ACPI: Enabled 2 GPEs in block 00 to 07
[    9.118056] vgaarb: setting as boot device: PCI:0000:00:02.0
[    9.118867] vgaarb: device added: PCI:0000:00:02.0,decodes=io+mem,owns=io+mem,locks=none
[    9.129305] vgaarb: loaded
[    9.129824] vgaarb: bridge control possible 0000:00:02.0
[    9.130811] SCSI subsystem initialized
[    9.131568] ACPI: bus type USB registered
[    9.132230] usbcore: registered new interface driver usbfs
[    9.133053] usbcore: registered new interface driver hub
[    9.133843] usbcore: registered new device driver usb
[    9.134849] PCI: Using ACPI for IRQ routing
[    9.135730] NetLabel: Initializing
[    9.136308] NetLabel:  domain hash size = 128
[    9.137005] NetLabel:  protocols = UNLABELED CIPSOv4
[    9.137752] NetLabel:  unlabeled traffic allowed by default
[    9.138690] amd_nb: Cannot enumerate AMD northbridges
[    9.139479] clocksource: Switched to clocksource kvm-clock
[    9.146366] AppArmor: AppArmor Filesystem Enabled
[    9.148246] pnp: PnP ACPI init
[   .149401] pnp: PnP ACPI: found 3 devices

[    9.203092] clocksource: acpi_pm: mask: 0xffffff max_cycles:xfffff, max_idle_ns: 2085701024 ns
[    9.268171] NET: Registeed protocol family 2

[    9.290268] TCP established hash table entries: 8192 (order: 4, 65536 bytes)
[    9.291278] TCP bind hash table entries: 8192 (order: 5, 131072 bytes)
[    9.292228] TCP: Hash tables configured (established 8192 bind 8192)
[    9.293130] UDP hash table entries: 512 (order: 2, 16384 bytes)
[    9.293977] UDP-Lite hash table entries: 512 (order: 2, 16384 bytes)
[    9.294910] NET: Registered protocol family 1
[    9.295618] pci 0000:00:00.0: Limiting direct PCI/PCI transfers
[    9.296502] pci 0000:00:01.0: Activating ISA DMA hang workarounds
[   2970Unckg itmf..
[   11.238013] Freeing initrd memory: 10772K (ffff880036ae6000 - ffff88003756b000)
[   11.453990] RAPL PMU detected, API unit is 2^-32 Joules, 4 fixed counters 10737418240 ms ovfl timer
[  1.92] w unit of domain pp0-core 2^-0 Joules
[   12.238910] hw unit of domain package 2^-0 Joules
[   12.344985] hw unit of domain dram 2^-0 Joules
[   12.353234] hw unit of domain pp1-gpu 2^-0 Joules
[   12.484025] platform rtc_cmos: registered platform RTC device (no PNP device found)
[   12.488829] Scanning for low memory corruption every 60 seconds
[   12.495206] audit: initializing netlink subsys (disabled)
[   124498365] audit: type=2000 audit(1496836570.212:1): initialized
[   12.548553] Initialise system trusted keyring
[   12.549480] HugeTLB registered 2 MB page size, pre-allocated 0 pages
[   12.551564] zbud: loaded
[   12.552355] VFS: Disk quotas dquot_6.6.0
[   12.553020] VFS: Dquot-cache hash table entries: 512 (order 0, 4096 bytes)
[   12.554181] squashfs: version 4.0 (2009/01/31) Phillip Lougher
[   12.555295] fuse init (API version 7.23)
[   12.556120] Key type big_key registered
[   12.556765] Allocating IMA MOK and blacklist keyrings.
[   12.558860] Key type asymmetric registered
[   12.559519] Asymmetric key parser 'x509' registered
[   12.560333] Block layer SCSI generic (bsg) driver version 0.4 loaded (major 249)
[   12.561585] io scheduler noop registered
[   12.562227] io scheduler deadline registered (default)
[   12.563007] io scheduler cfq registered
[   12.563722] pci_hotplug: PCI Hot Plug PCI Core version: 0.5
[   12.564592] pciehp: PCI Express Hot Plug Controller Driver version: 0.4
[   12.565620] ACPI: AC Adapter [AC] (on-line)
[   12.566336] input: Power Button as /devices/LNXSYSTM:00/LNXPWRBN:00/input/input0
[   12.568482] ACPI: Power Button [PWRF]
[   12.569665] input: Sleep Button as /devices/LNXSYSTM:00/LNXSLPBN:00/input/input1
[   12.571056] ACPI: Sleep Button [SLPF]
[   12.571883] GHES: HEST is not enabled!
[   12.573047] ACPI: Battery Slot [BAT0] (battery present)
[   12.573852] Serial: 8250/16550 driver, 32 ports, IRQ sharing enabled
[   12.596106] 00:02: ttyS0 at I/O 0x3f8 (irq = 4, base_baud = 115200) is a 16550A
[   12.719443] Linux agpgart interface v0.103
[   12.721763] loop: module loaded
[   12.722904] scsi host0: ata_piix
[   12.723662] scsi host1: ata_piix
[   12.724264] ata1: PATA max UDMA/33 cmd 0x1f0 ctl 0x3f6 bmdma 0xd000 irq 14
[   12.725202] ata2: PATA max UDMA/33 cmd 0x170 ctl 0x376 bmdma 0xd008 irq 15
[   12.726487] libphy: Fixed MDIO Bus: probed
[   12.727193] tun: Universal TUN/TAP device driver, 1.6
[   12.727992] tun: (C) 1999-2004 Max Krasnyansky <maxk@qualcomm.com>
[   12.728894] PPP generic driver version 2.4.2
[   12.729612] ehci_hcd: USB 2.0 'Enhanced' Host Controller (EHCI) Driver
[   12.733324] ehci-pci: EHCI PCI platform driver
[   12.734047] ehci-platform: EHCI generic platform driver
[   12.734816] ohci_hcd: USB 1.1 'Open' Host Controller (OHCI) Driver
[   12.735718] ohci-pci: OHCI PCI platform driver
[   12.736427] ohci-platform: OHCI generic platform driver
[   12.737197] uhci_hcd: USB Universal Host Controller Interface driver
[   12.738153] i8042: PNP: PS/2 Controller [PNP0303:PS2K,PNP0f03:PS2M] at 0x60,0x64 irq 1,12
[   12.739880] serio: i8042 KBD port at 0x60,0x64 irq 1
[   12.740627] serio: i8042 AUX port at 0x60,0x64 irq 12
[   12.741468] mousedev: PS/2 mouse device common for all mice
[   12.742784] rtc_cmos rtc_cmos: rtc core: registered rtc_cmos as rtc0
[   12.748872] input: AT Translated Set 2 keyboard as /devices/platform/i8042/serio0/input/input2
[   12.750803] rtc_cmos rtc_cmos: alarms up to one day, 114 bytes nvram
[   12.751778] i2c /dev entries driver
[   12.752434] device-mapper: uevent: version 1.0.3
[   12.753212] device-mapper: ioctl: 4.34.0-ioctl (2015-10-28) initialised: dm-devel@redhat.com
[   12.754520] ledtrig-cpu: registered to indicate activity on CPUs
[   12.755824] NET: Registered protocol family 10
[   12.756742] NET: Registered protocol family 17
[   12.757466] Key type dns_resolver registered
[   12.758301] microcode: CPU0 sig=0x306c3, pf=0x40, revision=0x0
[   12.759385] microcode: CPU1 sig=0x306c3, pf=0x40, revision=0x0
[   12.760264] microcode: Microcode Update Driver: v2.01 <tigran@aivazian.fsnet.co.uk>, Peter Oruba
[   12.761689] registered taskstats version 1
[   12.762358] Loading compiled-in X.509 certificates
[   12.763686] Loaded X.509 cert 'Build time autogenerated kernel key: 779fd75203f0d36b99b83c7328fac831ec7adf9e'
[   12.765156] zswap: loaded using pool lzo/zbud
[   12.767562] Key type trusted registered
[   12.771014] Key type encrypted registered
[   12.771668] AppArmor: AppArmor sha1 policy hashing enabled
[   12.772500] ima: No TPM chip found, activating TPM-bypass!
[   12.773308] evm: HMAC attrs: 0x1
[   12.774187]   Magic number: 5:581:933
[   12.774896] rtc_cmos rtc_cmos: setting system clock to 2017-06-07 11:56:14 UTC (1496836574)
[   12.782185] BIOS EDD facility v0.16 2004-Jun-25, 0 devices found
[   12.783050] EDD information not available.
[   12.880922] Freeing unused kernel memory: 1484K (ffffffff81f45000 - ffffffff820b8000)
[   12.968799] Write protecting the kernel read-only data: 14336k
[   12.978889] Freeing unused kernel memory: 1760K (ffff880001848000 - ffff880001a00000)
[   12.988936] Freeing unused kernel memory: 112K (ffff880001de4000 - ffff880001e00000)
Loading, please [   13.006813] random: systemd-udevd: uninitialized urandom read (16 bytes read, 2 bits of entropy available)
wait...
starting version 229
[   13.007375] random: udevadm: uninitialized urandom read (16 bytes read, 2 bits of entropy available)
[   13.007464] random: udevadm: uninitialized urandom read (16 bytes read, 2 bits of entropy available)
[   13.007575] random: udevadm: uninitialized urandom read (16 bytes read, 2 bits of entropy available)
[   13.007645] random: udevadm: uninitialized urandom read (16 bytes read, 2 bits of entropy available)
[   13.007689] random: udevadm: uninitialized urandom read (16 bytes read, 2 bits of entropy available)
[   13.007725] random: udevadm: uninitialized urandom read (16 bytes read, 2 bits of entropy available)
[   13.007759] random: udevadm: uninitialized urandom read (16 bytes read, 2 bits of entropy available)
[   13.007793] random: udevadm: uninitialized urandom read (16 bytes read, 2 bits of entropy available)
[   13.007825] random: udevadm: uninitialized urandom read (16 bytes read, 2 bits of entropy available)
[   13.224184] e1000: Intel(R) PRO/1000 Network Driver - version 7.3.21-k8-NAPI
[   13.737953] e1000: Copyright (c) 1999-2006 Intel Corporation.
[   14.097973] tsc: Refined TSC clocksource calibration: 2295.631 MHz
[   14.328256] clocksource: tsc: mask: 0xffffffffffffffff max_cycles: 0x2117161868c, max_idle_ns: 440795280273 ns
[   14.715804] Fusion MPT base driver 3.04.20
[   14.833709] Copyright (c) 1999-2008 LSI Corporation
[   15.212160] input: ImExPS/2 Generic Explorer Mouse as /devices/platform/i8042/serio1/input/input4
[   15.598098] AVX version of gcm_enc/dec engaged.
[   15.735037] AES CTR mode by8 optimization enabled
[   15.868838] Fusion MPT SPI Host driver 3.04.20
[   15.938314] e1000 0000:00:03.0 eth0: (PCI:33MHz:32-bit) 02:a1:c7:cf:6b:93
[   15.938318] e1000 0000:00:03.0 eth0: Intel(R) PRO/1000 Network Connection
[   16.296519] e1000 0000:00:08.0 eth1: (PCI:33MHz:32-bit) 08:00:27:bd:4b:43
[   16.308461] e1000 0000:00:08.0 eth1: Intel(R) PRO/1000 Network Connection
[   16.310869] e1000 0000:00:08.0 enp0s8: renamed from eth1
[   16.335846] mptbase: ioc0: Initiating bringup
[   16.347633] e1000 0000:00:03.0 enp0s3: renamed from eth0
[   16.399703] ioc0: LSI53C1030 A0: Capabilities={Initiator}
[   16.603207] scsi host2: ioc0: LSI53C1030 A0, FwRev=00000000h, Ports=1, MaxQ=256, IRQ=20
[   16.720025] scsi 2:0:0:0: Direct-Access     VBOX     HARDDISK         1.0  PQ: 0 ANSI: 5
[   16.854407] scsi target2:0:0: Beginning Domain Validation
[   17.019475] scsi target2:0:0: Domain Validation skipping write tests
[   17.328020] scsi target2:0:0: Ending Domain Validation
[   17.625427] scsi target2:0:0: asynchronous
[   17.866629] floppy0: no floppy controllers found
[   18.274661] scsi 2:0:1:0: Direct-Access     VBOX     HARDDISK         1.0  PQ: 0 ANSI: 5
[   18.281805] scsi target2:0:1: Beginning Domain Validation
[   18.284113] scsi target2:0:1: Domain Validation skipping write tests
[   18.285378] scsi target2:0:1: Ending Domain Validation
[   18.286544] scsi target2:0:1: asynchronous
[   18.291936] sd 2:0:0:0: [sda] 20971520 512-byte logical blocks: (10.7 GB/10.0 GiB)
[   18.468327] sd 2:0:0:0: Attached scsi generic sg0 type 0
[   18.604395] sd 2:0:0:0: [sda] Write Protect is off
[   18.714609] sd 2:0:0:0: [sda] Incomplete mode parameter data
[   18.714949] sd 2:0:1:0: Attached scsi generic sg1 type 0
[   19.497751] sd 2:0:0:0: [sda] Assuming drive cache: write through
[   19.797950] sd 2:0:1:0: [sdb] 20480 512-byte logical blocks: (10.5 MB/10.0 MiB)
[   19.908973] sd 2:0:1:0: [sdb] Write Protect is off
[   19.909381]  sda: sda1
[   19.935505] sd 2:0:0:0: [sda] Attached SCSI disk
[   20.379055] sd 2:0:1:0: [sdb] Incomplete mode parameter data
[   20.877696] sd 2:0:1:0: [sdb] Assuming drive cache: write through
[   21.129903] sd 2:0:1:0: [sdb] Attached SCSI disk
Begin: Loading e[   22.423741] md: linear personality registered for level -1
ssential drivers[   22.800372] md: multipath personality registered for level -4
 ... [   22.983342] md: raid0 personality registered for level 0
[   23.140896] md: raid1 personality registered for level 1
[   23.217249] raid6: sse2x1   gen() 10597 MB/s
[   23.577252] raid6: sse2x1   xor()  6548 MB/s
[   23.883691] raid6: sse2x2   gen() 12941 MB/s
[   24.248386] raid6: sse2x2   xor()  8250 MB/s
[   24.537237] raid6: sse2x4   gen() 16209 MB/s
[   24.663685] raid6: sse2x4   xor()  9870 MB/s
[   24.668057] raid6: using algorithm sse2x4 gen() 16209 MB/s
[   24.669007] raid6: .... xor() 9870 MB/s, rmw enabled
[   24.669864] raid6: using ssse3x2 recovery algorithm
[   24.672238] xor: automatically using best checksumming function:
[   24.875523]    avx       : 20293.000 MB/sec
[   25.002989] async_tx: api initialized (async)
[   25.384856] md: raid6 personality registered for level 6
[   25.457875] md: raid5 personality registered for level 5
[   25.458663] md: raid4 personality registered for level 4
[   25.464377] md: raid10 personality registered for level 10
done.
Begin: Running /scripts/init-premount ... done.
Begin: Mounting root file system ... Begin: Running /scripts/local-top ... done.[   25.535581] Btrfs loaded

Begin: Running /scripts/local-premount ... Scanning for Btrfs filesystems
done.
Warning: fsck no[   25.664824] EXT4-fs (sda1): mounted filesystem with ordered data mode. Opts: (null)
t present, so skipping root file system
done.
Begin: Running /scripts/local-bottom ... done.
Begin: Running /scripts/init-bottom ... done.
[   257799881] systemd[1]: systemd 229 runningiin system mode. (+PAM +AUDIT +SELINUX +IMA +APPARMOR +SMACK +SYSVINIT +UTMP +LIBCRYPTSETUP +GCRYPT +GNUTLS +ACL +XZ -LZ4 +SECCOMP +BLKID +ELFUTILS +KMOD -IDN)
[   26.129436] systemd[1]: Detected virtualization oracle.
[   26.134041] systemd[1]: Detected architecture x86-64.

Welcome to [1mUbuntu 16.04.2 LTS[0m!

[   26.138324] systemd[1]: Set hostname to <ubuntu>.
[   26.140817] systemd[1]: Initializing machine ID from random generator.
[   26.146756] systemd[1]: Installed transient /etc/machine-id file.
[   26.222007] systemd[1]: Listening on /dev/initctl Compatibility Named Pipe.
[[0;32m  OK  [0m] Listening on /dev/initctl Compatibility Named Pipe.
[   26.458949] systemd[1]: Reached target Swap.
[[0;32m  OK  [0m] Reached target Swap.
[   26.460379] systemd[1]: Listening on Device-mapper event daemon FIFOs.
[[0;32m  OK  [0m] Listening on Device-mapper event daemon FIFOs.
[   26.462044] systemd[1]: Reached target Encrypted Volumes.
[[0;32m  OK  [0m] Reached target Encrypted Volumes.
[   26.463649] systemd[1]: Listening on LVM2 poll daemon socket.
[[0;32m  OK  [0m] Listening on LVM2 poll daemon socket.
[   26.465417] systemd[1]: Created slice User and Session Slice.
[[0;32m  OK  [0m] Created slice User and Session Slice.
[   26.468721] systemd[1]: Started Trigger resolvconf update for networkd DNS.
[[0;32m  OK  [0m] Started Trigger resolvconf update for networkd DNS.
[   26.471718] systemd[1]: Started Forward Password Requests to Wall Directory Watch.
[[0;32m  OK  [0m] Started Forward Password Requests to Wall Directory Watch.
[   26.474009] systemd[1]: Listening on Syslog Socket.
[[0;32m  OK  [0m] Listening on Syslog Socket.
[   26.475461] systemd[1]: Listening on udev Kernel Socket.
[[0;32m  OK  [0m] Listening on udev Kernel Socket.
[   26.476969] systemd[1]: Listening on Journal Audit Socket.
[[0;32m  OK  [0m] Listening on Journal Audit Socket.
[   26.478588] systemd[1]: Set up automount Arbitrary Executable File Formats File System Automount Point.
[[0;32m  OK  [0m] Set up automount Arbitrary Executab...ats File System Automount Point.
[   26.480973] systemd[1]: Listening on udev Control Socket.
[[0;32m  OK  [0m] Listening on udev Control Socket.
[   26.482517] systemd[1]: Listening on Journal Socket (/dev/log).
[[0;32m  OK  [0m] Listening on Journal Socket (/dev/log).
[   26.484168] systemd[1]: Listening on Journal Socket.
[[0;32m  OK  [0m] Listening on Journal Socket.
[   26.485874] systemd[1]: Created slice System Slice.
[[0;32m  OK  [0m] Created slice System Slice.
[   26.503707] systemd[1]: Starting Load Kernel Modules...
         Starting Load Kernel Modules...
[   26.508251] systemd[1]: Mounting POSIX Message Queue File System...
         Mounting POSIX Message Queue File System...
[   26.510272] Loading iSCSI transport class v2.0-870.
[   26.510511] systemd[1]: Starting Uncomplicated firewall...
         Startin[   26.710033] iscsi: registered transport (tcp)
g Uncomplicated firewall...
[   26.856038] systemd[1]: Created slice system-serial\x2dgetty.slice.
[[0;32m  OK  [[   27.140700] iscsi: registered transport (iser)
0m] Created slice system-serial\x2dgetty.slice.
[   27.299551] systemd[1]: Starting Set console keymap...
[   77.301169] random: nonblocking pool is initialized
         Starting Set console keymap...
[   77.783872] systemd[1]: Starting Create list of required static device nodes for the current kernel...
         Starting Create list of required st... nodes for the current kernel...
[   28.140507] systemd[1]: Starting Nameserver information manager...
         Starting Nameserver information manager...
[   28.142694] systemd[1]: Reached target Slices.
[[0;32m  OK  [0m] Reached target Slices.
[   28.145271] systemd[1]: Mounting Debug File System...
         Mounting Debug File System...
[   28.147844] systemd[1]: Mounting Huge Pages File System...
         Mounting Huge Pages File System...
[   28.152135] systemd[1]: Starting Journal Service...
         Starting Journal Service...
[   28.154762] systemd[1]: Starting Remount Root and Kernel File Systems...
[   28.157853] EXT4-fs (sda1): re-mounted. Opts: (null)
         Starting Remount Root and Kernel File Systems...
[   883388979] systemd[1]: Reached trrge  ssrr and Group Name Lookups.
[[0;32m  OK  [0m] Reached target User and Group Name Lookups.
[   28.820219] systemd[1]: Listening on LVM2 metadata daemon socket.
[[0;32m  OK  [0m] Listening on LVM2 metadata daemon socket.
[   28.843863  yystemd[1]: Starting Monitoring of LVM2 mirrors, snapshots etc. using dmeventd or progress polling...
         Starting Monitoring of LVM2 mirrors... dmeventd or progress polling...
[   28.965963] systemd[1]: Mounted POSIX Message Queue File System.
[[0;32m  OK  [0m] Mounted POSIX Message Queue File System.
[   28.968032] systemd[1]: Mounted Huge Pages File System.
[[0;32m  OK  [0m] Mounted Huge Pages File System.
[   29.011745] systemd[1]: Mounted Debug File System.
[[0;32m  OK  [0m] Mounted Debug File System.
[   29.463881] systemd[1]: Startdd Journal Service.
[[0;32m  OK  [0m] Started Journal Service.
[[0;32m  OK  [0m] Started Load Kernel Modules.
[[0;32m  OK  [0m] Started Uncomplicated firewall.
[[0;32m  OK  [0m] Started Set console keymap.
[[0;32m  OK  [0m] Started Create list of required sta...ce nodes for the current kernel.
[[0;32m  OK  [0m] Started Remount Root and Kernel File Systems.
[[0;32m  OK  [0m] Started Nameserver information manager.
[[0;32m  OK  [0m] Started LVM2 metadata daemon.
         Starting Initial cloud-init job (pre-networking)...
         Starting Load/Save Random Seed...
         Starting udev Coldplug all Devices...
         Starting Create Static Device Nodes in /dev...
         Mounting FUSE Control File System...
         Starting Apply Kernel Variables...
         Starting Flush Journal to Persistent Storage...
[[0;32m  OK  [0m] Mounted FUSE Control File System.
[[0;32m  OK  [0m] Started Load/Save Random Seed.
[[0;32m  OK  [0m] Started Create Static Device Nodes in /dev.
[[0;32m  OK  [0m] Started Apply Kernel Variables.
[[0;32m  OK  [0m] Started udev Coldplug all Devices.
[[0;32m  OK  [0m] Started Flush Journal to Persistent Storage.
         Starting udev Kernel Device Manager...
[[0;32m  OK  [0m] Started udev Kernel Device Manager.
[[0;32m  OK  [0m] Started Dispatch Password Requests to Console Directory Watch.
[[0;32m  OK  [0m] Found device /dev/ttyS0.
[[0;32m  OK  [0m] Started Monitoring of LVM2 mirrors,...ng dmeventd or progress polling.
[[0;32m  OK  [0m] Reached target Local File Systems (Pre).
[[0;32m  OK  [0m] Reached target Local File Systems.
         Starting Set console font and keymap...
         Starting Commit a transient machine-id on disk...
         Starting Tell Plymouth To Write Out Runtime Data...
         Starting LSB: AppArmor initialization...
         Starting Create Volatile Files and Directories...
[   22.119515] cloud-init[439]: Cloud-init v. 0.7.9 running 'init-local' at Wed, 07 Jun 2017 11:56:32 +0000. Up 21.91 seconds.
[[0;32m  OK  [0m] Started Initial cloud-init job (pre-networking).
[[0;32m  OK  [0m] Started Commit a transient machine-id on disk.
[[0;32m  OK  [0m] Started Set console font and keymap.
[[0;32m  OK  [0m] Started Tell Plymouth To Write Out Runtime Data.
[[0;32m  OK  [0m] Started Create Volatile Files and Directories.
[[0;32m  OK  [0m] Reached target System Time Synchronized.
         Starting Update UTMP about System Boot/Shutdown...
[[0;32m  OK  [0m] Created slice system-getty.slice.
[[0;32m  OK  [0m] Reached target Network (Pre).
[[0;32m  OK  [0m] Listening on Load/Save RF Kill Switch Status /dev/rfkill Watch.
[[0;32m  OK  [0m] Started Update UTMP about System Boot/Shutdown.
[[0;32m  OK  [0m] Started LSB: AppArmor initialization.
         Starting Raise network interfaces...
[[0;32m  OK  [0m] Started Raise network interfaces.
[[0;32m  OK  [0m] Reached target Network.
         Starting Initial cloud-init job (metadata service crawler)...
[   25.680879] cloud-init[939]: Cloud-init v. 0.7.9 running 'init' at Wed, 07 Jun 2017 11:56:35 +0000. Up 25.21 seconds.
[[0;32m  OK  [0m] Started Initial cloud-init job (metadata service crawler).
[   25.806430] cloud-init[939]: ci-info: ++++++++++++++++++++++++++++++++++++++Net device info++++++++++++++++++++++++++++++++++++++
[   25.953857] cloud-init[939]: ci-info: +--------+-------+----------------------------+---------------+-------+-------------------+
[   26.030699] cloud-init[939]: ci-info: | Device |   Up  |          Address           |      Mask     | Scope |     Hw-Address    |[[0;32m  OK  [0m] Reached target System Initialization.

[   26.090685] cloud-init[939]: ci-info: +--------+-------+----------------------------+---------------+-------+-------------------+
         Starting LXD - unix socket.
[[0;32m  OK  [0m] Listening on UUID daemon activation socket.
[[0;32m  OK  [0m] Started Daily Cleanup of Temporary Directories.
[   26.179996] cloud-init[939]: ci-info: |   lo   |  True |         127.0.0.1          |   255.0.0.0   |   .   |         .         |
[   26.335270] cloud-init[939]: ci-info: |   lo   |  True |          ::1/128           |       .       |  host |         .         |[[0;32m  OK  [0m] Started Timer to automatically refresh installed snaps.
[[0;32m  OK  [0m] Listening on D-Bus System Message Bus Socket.
[[0;32m  OK  [0m] Listening on ACPID Listen Socket.
[[0;32m  OK  [0m] Started Daily apt activities.
[[0;32m  OK  [0m
[   26.340298] cloud-init[939]: ci-info: | enp0s8 | False |             .              |       .       |   .   | 08:00:27:bd:4b:43 |
[   26.341524] cloud-init[939]: ci-info: | enp0s3 |  True |         10.0.2.15          | 255.255.255.0 |   .   | 02:a1:c7:cf:6b:93 |
[   26.342760] cloud-init[939]: ci-info: | enp0s3 |  True | fe80::a1:c7ff:fecf:6b93/64 |       .       |  link | 02:a1:c7:cf:6b:93 |
[   26.343980] ] Reached target Timers.
         Starting Socket activation for snappy daemon.cloud-init[939]: ci-info: +--------+-------+----------------------------+---------------+-------+-------------------+
[   26.345657] cloud-init[939]: ci-info: +++++++++++++++++++++++++++Route IPv4 info++++++++++++++++++++++++++++
[   26.345903] cloud-init[939]: ci-info: +-------+-------------+----------+---------------+-----------+-------+
[   26.346046] cloud-init[939]: ci-info: | Route | Destination | Gateway  |    Genmask    | Interface | Flags |

[   26.346204] cloud-init[939]: ci-info: +-------+-------------+----------+---------------+-----------+-------+
[   26.352497] cloud-init[939]: ci-info: |   0   |   0.0.0.0   | 10.0.2.2 |    0.0.0.0    |   enp0s3  |   UG  |
[   26.352782] cloud-init[939]: ci-info: |   1   |   10.0.2.0  | 0.0.0.0  | 255.255.255.0 |   enp0s3  |   U   |
[   26.352917] cloud-init[939]: ci-info: +-------+-------------+----------+---------------+-----------+-------+
[   26.353190] cloud-init[939]: Generating public/private rsa key pair.
[   26.353322] cloud-init[939]: Your identification has been saved in /etc/ssh/ssh_host_rsa_key.
[   26.353456] cloud-init[939]: Your public key has been saved in /etc/ssh/ssh_host_rsa_key.pub.
[   26.353722] cloud-init[939]: The key fingerprint is:
[   26.353859] cloud-init[939]: SHA256:e2n+2ztSe6tl7rJE3G4MX3ij50Yba4WuHNPW9+uwqRs root@ubuntu-xenial
[   26.353998] cloud-init[939]: The key's randomart image is:
[   26.354152] cloud-init[939]: +---[RSA 2048]----+
[   26.354290] cloud-init[939]: |                 |
[   26.354420] cloud-init[939]: |                 |
[   26.354555] cloud-init[939]: |                 |
[   26.354722] cloud-init[939]: |            . .. |
[   26.354832] cloud-init[939]: |        S    +.+o|
[   26.354965] cloud-init[939]: |         . ...O=+|
[   26.355104] cloud-init[939]: |        . +Eo*+XB|
[   26.355238] cloud-init[939]: |         + .+*#=+|
[   26.355375] cloud-init[939]: |          .+BO@@+|
[   26.355513] cloud-init[939]: +----[SHA256]-----+
[   26.355647] cloud-init[939]: Generating public/private dsa key pair.
[   26.355791] cloud-init[939]: Your identification has been saved in /etc/ssh/ssh_host_dsa_key.
[   26.355923] cloud-init[939]: Your public key has been saved in /etc/ssh/ssh_host_dsa_key.pub.
[   26.356121] cloud-init[939]: The key fingerprint is:
[   26.356209] cloud-init[939]: SHA256:n1MOnq+B2YDnGinxn3tnrWk6hLDvE5yA6KZQ7tzVHog root@ubuntu-xenial
[   26.356343] cloud-init[939]: The key's randomart image is:
[   26.356478] cloud-init[939]: +---[DSA 1024]----+
[   26.356614] cloud-init[939]: |                 |
[   26.356749] cloud-init[939]: |                 |
[   26.356891] cloud-init[939]: |   . .           |
[   26.357023] cloud-init[939]: |  o . o.         |
[   26.357160] cloud-init[939]: | +  ...BSo. .    |
[   26.357295] cloud-init[939]: |. + Eo++BB.*     |
[   26.357430] cloud-init[939]: |.= ...+o++O ..   |
[   26.357568] cloud-init[939]: |. o .. ++.o++..  |
[   26.357704] cloud-init[939]: |      ..=+oB+.   |
[   26.357838] cloud-init[939]: +----[SHA256]-----+
[   26.357975] cloud-init[939]: Generating public/private ecdsa key pair.
[   26.358119] cloud-init[939]: Your identification has been saved in /etc/ssh/ssh_host_ecdsa_key.
[   26.358258] cloud-init[939]: Your public key has been saved in /etc/ssh/ssh_host_ecdsa_key.pub.
[   26.358396] cloud-init[939]: The key fingerprint is:
[   26.358528] cloud-init[939]: SHA256:VJ2HY94r2OjgnBL00l0wesQYE8pF6gZOkdarW8dERus root@ubuntu-xenial
[   26.358665] cloud-init[939]: The key's randomart image is:
[   26.358799] cloud-init[939]: +---[ECDSA 256]---+
[   26.358937] cloud-init[939]: |    .o oB=.. o   |
[   26.359074] cloud-init[939]: |    oo.+++= * .  |
[   26.359208] cloud-init[939]: |   .o ++oo = +   |
[   26.359346] cloud-init[939]: |   o oooo . o .  |
[   26.359481] cloud-init[939]: |    .oo=Eo =   . |
[   26.359616] cloud-init[939]: |    ..+ * + o .  |
[   26.359754] cloud-init[939]: |     o * +   .   |
[   26.359890] cloud-init[939]: |    . . + .      |
[   26.360031] cloud-init[939]: |       .         |
[   26.360177] cloud-init[939]: +----[SHA256]-----+
[   26.360308] cloud-init[939]: Generating public/private ed25519 key pair.
[   26.360447] cloud-init[939]: Your identification has been saved in /etc/ssh/ssh_host_ed25519_key.
[   26.360582] cloud-init[939]: Your public key has been saved in /etc/ssh/ssh_host_ed25519_key.pub.
[   26.360849] cloud-init[939]: The key fingerprint is:
[   26.360987] cloud-init[939]: SHA256:NTp9z8b5ECwGe7O1DW5RrPF4rnT77Qc9QbJ3wAVg3r4 root@ubuntu-xenial
[   26.361120] cloud-init[939]: The key's randomart image is:
[   26.361258] cloud-init[939]: +--[ED25519 256]--+
[   26.361393] cloud-init[939]: |            oo.o.|
[   26.361531] cloud-init[939]: |           o ooo |
[   26.361668] cloud-init[939]: |          + . *.o|
[   26.361806] cloud-init[939]: |         + + + O.|
[   26.361940] cloud-init[939]: |        S o * @.=|
[   26.362075] cloud-init[939]: |         . + X.%.|
[   26.362347] cloud-init[939]: |            . E.=|
[   26.362484] cloud-init[939]: |             + =+|
[   26.362620] cloud-init[939]: |              .oB|
[   26.362754] cloud-init[939]: +----[SHA256]-----+
[[0;32m  OK  [0m] Started ACPI Events Check.
[[0;32m  OK  [0m] Reached target Paths.
[[0;32m  OK  [0m] Reached target Cloud-config availability.
[[0;32m  OK  [0m] Reached target Network is Online.
         Starting iSCSI initiator daemon (iscsid)...
[[0;32m  OK  [0m] Listening on LXD - unix socket.
[[0;32m  OK  [0m] Listening on Socket activation for snappy daemon.
[[0;32m  OK  [0m] Reached target Sockets.
[[0;32m  OK  [0m] Reached target Basic System.
         Starting Accounts Service...
         Starting Login Service...
[[0;32m  OK  [0m] Started Deferred execution scheduler.
[[0;32m  OK  [0m] Started FUSE filesystem for LXC.
[[0;32m  OK  [0m] Started ACPI event daemon.
         Starting Pollinate to seed the pseudo random number generator...
[[0;32m  OK  [0m] Started D-Bus System Message Bus.
[[0;32m  OK  [0m] Started Unattended Upgrades Shutdown.
[[0;32m  OK  [0m] Started Regular background program processing daemon.
         Starting Apply the settings specified in cloud-config...
         Starting /etc/rc.local Compatibility...
[   27.241375] cloud-init[1097]: Generating locales (this might take a while)...
[[0;32m  OK  [0m] Started Snappy daemon.
         Starting LSB: Record successful boot for GRUB...
         Starting System Logging Service...
         Starting LSB: MD monitoring daemon...
         Starting Auto import assertions from block devices...
         Starting LXD - container startup/shutdown...
[[0;32m  OK  [0m] Started System Logging Service.
[[0;32m  OK  [0m] Started iSCSI initiator daemon (iscsid).
[[0;32m  OK  [0m] Started Pollinate to seed the pseudo random number generator.
[[0;32m  OK  [0m] Started /etc/rc.local Compatibility.
[[0;32m  OK  [0m] Started Auto import assertions from block devices.
[[0;32m  OK  [0m] Started LXD - container startup/shutdown.
[[0;32m  OK  [0m] Started LSB: Record successful boot for GRUB.
[[0;32m  OK  [0m] Started LSB: MD monitoring daemon.
[[0;32m  OK  [0m] Started Login Service.
[   28.023265] cloud-init[1097]:   en_US.UTF-8... done
         Starting Authenticate and Authorize Users to Run Privileged Tasks...
[   28.085488] cloud-init[1097]: Generation complete.
         Starting OpenBSD Secure Shell server...
         Starting Login to default iSCSI targets...
[[0;32m  OK  [0m] Started OpenBSD Secure Shell server.
[[0;32m  OK  [0m] Started Authenticate and Authorize Users to Run Privileged Tasks.
[[0;32m  OK  [0m] Started Accounts Service.
         Stopping OpenBSD Secure Shell server...
[[0;32m  OK  [0m] Stopped OpenBSD Secure Shell server.
[[0;32m  OK  [0m] Started Login to default iSCSI targets.
[[0;32m  OK  [0m] Reached target Remote File Systems (Pre).
[[0;32m  OK  [0m] Reached target Remote File Systems.
         Starting LSB: Set the CPU Frequency Scaling governor to "ondemand"...
         Starting LSB: daemon to balance interrupts for SMP systems...
         Starting LSB: automatic crash report generation...
         Starting LSB: VirtualBox Linux Additions...
         Starting Permit User Sessions...
         Starting OpenBSD Secure Shell server...
[[0;32m  OK  [0m] Started OpenBSD Secure Shell server.
[[0;32m  OK  [0m] Started Permit User Sessions.
[[0;32m  OK  [0m] Started LSB: Set the CPU Frequency Scaling governor to "ondemand".
[[0;32m  OK  [0m] Started LSB: daemon to balance interrupts for SMP systems.
         Starting Hold until boot process finishes up...
         Starting Terminate Plymouth Boot Screen...
[[0;32m  OK  [0m] Started LSB: automatic crash report generation.
[[0;32m  OK  [0m] Started LSB: VirtualBox Linux Additions.
[[0;32m  OK  [0m] Started Hold until boot process finishes up.
[   28.864634] cloud-init[1097]: Cloud-init v. 0.7.9 running 'modules:config' at Wed, 07 Jun 2017 11:56:37 +0000. Up 27.16 seconds.
[[0;32m  OK  [0m] Started Apply the settings specified in cloud-config.
[[0;32m  OK  [0m] Started Terminate Plymouth Boot Screen.
[[0;32m  OK  [0m] Started Getty on tty1.
         Starting Set console scheme...
[[0;32m  OK  [0m] Started Serial Getty on ttyS0.
[[0;32m  OK  [0m] Reached target Login Prompts.
[[0;32m  OK  [0m] Reached target Multi-User System.
         Starting Execute cloud user/final scripts...
[[0;32m  OK  [0m] Reached target Graphical Interface.
         Starting Update UTMP about System Runlevel Changes...
[[0;32m  OK  [0m] Started Set console scheme.
[[0;32m  OK  [0m] Started Update UTMP about System Runlevel Changes.
ci-info: no authorized ssh keys fingerprints found for user ubuntu.
<14>Jun  7 11:56:40 ec2: 
<14>Jun  7 11:56:40 ec2: #############################################################
<14>Jun  7 11:56:40 ec2: -----BEGIN SSH HOST KEY FINGERPRINTS-----
<14>Jun  7 11:56:40 ec2: 1024 SHA256:n1MOnq+B2YDnGinxn3tnrWk6hLDvE5yA6KZQ7tzVHog root@ubuntu-xenial (DSA)
<14>Jun  7 11:56:40 ec2: 256 SHA256:VJ2HY94r2OjgnBL00l0wesQYE8pF6gZOkdarW8dERus root@ubuntu-xenial (ECDSA)
<14>Jun  7 11:56:40 ec2: 256 SHA256:NTp9z8b5ECwGe7O1DW5RrPF4rnT77Qc9QbJ3wAVg3r4 root@ubuntu-xenial (ED25519)
<14>Jun  7 11:56:40 ec2: 2048 SHA256:e2n+2ztSe6tl7rJE3G4MX3ij50Yba4WuHNPW9+uwqRs root@ubuntu-xenial (RSA)
<14>Jun  7 11:56:40 ec2: -----END SSH HOST KEY FINGERPRINTS-----
<14>Jun  7 11:56:40 ec2: #############################################################
-----BEGIN SSH HOST KEY KEYS-----
ecdsa-sha2-nistp256 AAAAE2VjZHNhLXNoYTItbmlzdHAyNTYAAAAIbmlzdHAyNTYAAABBBGrYynngv+HMAkEwXj6kft/SQuQisIZPZUoeu41jmr74+pxSuTvhoTkJH/gn9PFioLa8HyKn5jV94L+u0PLZU8M= root@ubuntu-xenial
ssh-ed25519 AAAAC3NzaC1lZDI1NTE5AAAAIHj+rYSNNe/XtQ+3LeTB0pOuDVoVR8UXDHtXEBpQwNZO root@ubuntu-xenial
ssh-rsa AAAAB3NzaC1yc2EAAAADAQABAAABAQDWWCBvGybAt6VRVxFEf0K53B6gOzb2nniRtWxotzKxa/vDBaP3GETT2v7xdQ8DG0t/C6IL8FUzFrCDMd9uvfD8DIQ4LFsw9pWKnacIth7iteXsDfU7F0zsfttWtu1JS+d7mHAOp9RW18aUzFPHF0TwvCb8IlJjvNUqTCU3Sbe2T67GCM06Egl1WKqRVmFvOoV4JfCJY9DaNBIl1k2f8mJP2PBNhWGXd2Xz9vpn6VaLVymoYIjr76WSFGCKL5L7OUssG4B8/NUX13WaMSd7eeQ+PUZXTqIBxfdy2Jj0O/5R12TrEzDiZdlPWogNpyGlc2sdB9kxp8GUOYxewH95SxMx root@ubuntu-xenial
-----END SSH HOST KEY KEYS-----
[   30.334171] cloud-init[1301]: Cloud-init v. 0.7.9 running 'modules:final' at Wed, 07 Jun 2017 11:56:39 +0000. Up 29.41 seconds.
[   30.400455] cloud-init[1301]: ci-info: no authorized ssh keys fingerprints found for user ubuntu.
[   30.401008] cloud-init[1301]: Cloud-init v. 0.7.9 finished at Wed, 07 Jun 2017 11:56:40 +0000. Datasource DataSourceNoCloud [seed=/dev/sdb][dsmode=net].  Up 30.32 seconds
[[0;32m  OK  [0m] Started Execute cloud user/final scripts.
[[0;32m  OK  [0m] Reached target Cloud-init target.

Ubuntu 16.04.2 LTS ubuntu-xenial ttyS0

ubuntu-xenial login: 